0 info it worked if it ends with ok
1 verbose cli [ 'node', '/usr/local/bin/npm', 'install', 'camera-vc0707' ]
2 info using npm@1.4.3
3 info using node@v0.10.26
4 warn package.json tessel-code@0.0.0 No description
5 warn package.json tessel-code@0.0.0 No repository field.
6 warn package.json tessel-code@0.0.0 No README data
7 verbose readDependencies using package.json deps
8 verbose cache add [ 'camera-vc0707', null ]
9 verbose cache add name=undefined spec="camera-vc0707" args=["camera-vc0707",null]
10 verbose parsed url { protocol: null,
10 verbose parsed url   slashes: null,
10 verbose parsed url   auth: null,
10 verbose parsed url   host: null,
10 verbose parsed url   port: null,
10 verbose parsed url   hostname: null,
10 verbose parsed url   hash: null,
10 verbose parsed url   search: null,
10 verbose parsed url   query: null,
10 verbose parsed url   pathname: 'camera-vc0707',
10 verbose parsed url   path: 'camera-vc0707',
10 verbose parsed url   href: 'camera-vc0707' }
11 silly lockFile 5e010888-camera-vc0707 camera-vc0707
12 verbose lock camera-vc0707 /Users/dannyschreiber/.npm/5e010888-camera-vc0707.lock
13 silly lockFile 5e010888-camera-vc0707 camera-vc0707
14 silly lockFile 5e010888-camera-vc0707 camera-vc0707
15 verbose addNamed [ 'camera-vc0707', '' ]
16 verbose addNamed [ null, '*' ]
17 silly lockFile 966c7934-camera-vc0707 camera-vc0707@
18 verbose lock camera-vc0707@ /Users/dannyschreiber/.npm/966c7934-camera-vc0707.lock
19 silly addNameRange { name: 'camera-vc0707', range: '*', hasData: false }
20 verbose url raw camera-vc0707
21 verbose url resolving [ 'https://registry.npmjs.org/', './camera-vc0707' ]
22 verbose url resolved https://registry.npmjs.org/camera-vc0707
23 info trying registry request attempt 1 at 17:25:27
24 http GET https://registry.npmjs.org/camera-vc0707
25 http 404 https://registry.npmjs.org/camera-vc0707
26 silly registry.get cb [ 404,
26 silly registry.get   { server: 'CouchDB/1.5.0 (Erlang OTP/R16B03)',
26 silly registry.get     'content-type': 'application/json',
26 silly registry.get     'cache-control': 'max-age=0',
26 silly registry.get     'content-length': '51',
26 silly registry.get     'accept-ranges': 'bytes',
26 silly registry.get     date: 'Sat, 23 May 2015 00:25:28 GMT',
26 silly registry.get     via: '1.1 varnish',
26 silly registry.get     age: '0',
26 silly registry.get     connection: 'keep-alive',
26 silly registry.get     'x-served-by': 'cache-sjc3121-SJC',
26 silly registry.get     'x-cache': 'MISS',
26 silly registry.get     'x-cache-hits': '0',
26 silly registry.get     'x-timer': 'S1432340728.797985,VS0,VE40' } ]
27 silly lockFile 966c7934-camera-vc0707 camera-vc0707@
28 silly lockFile 966c7934-camera-vc0707 camera-vc0707@
29 error 404 'camera-vc0707' is not in the npm registry.
29 error 404 You should bug the author to publish it
29 error 404 It was specified as a dependency of 'tessel-code'
29 error 404
29 error 404 Note that you can also install from a
29 error 404 tarball, folder, or http url, or git url.
30 error System Darwin 13.4.0
31 error command "node" "/usr/local/bin/npm" "install" "camera-vc0707"
32 error cwd /Users/dannyschreiber/dev/tessel-code/camera
33 error node -v v0.10.26
34 error npm -v 1.4.3
35 error code E404
36 verbose exit [ 1, true ]
